0 info it worked if it ends with ok
1 verbose cli [ '/usr/local/bin/node',
1 verbose cli   '/usr/local/bin/npm',
1 verbose cli   'install',
1 verbose cli   'socket.io',
1 verbose cli   '--save' ]
2 info using npm@3.10.3
3 info using node@v6.3.0
4 silly loadCurrentTree Starting
5 silly install loadCurrentTree
6 silly install readLocalPackageData
7 silly fetchPackageMetaData socket.io
8 silly fetchNamedPackageData socket.io
9 silly mapToRegistry name socket.io
10 silly mapToRegistry using default registry
11 silly mapToRegistry registry https://registry.npmjs.org/
12 silly mapToRegistry data Result {
12 silly mapToRegistry   raw: 'socket.io',
12 silly mapToRegistry   scope: null,
12 silly mapToRegistry   escapedName: 'socket.io',
12 silly mapToRegistry   name: 'socket.io',
12 silly mapToRegistry   rawSpec: '',
12 silly mapToRegistry   spec: 'latest',
12 silly mapToRegistry   type: 'tag' }
13 silly mapToRegistry uri https://registry.npmjs.org/socket.io
14 verbose request uri https://registry.npmjs.org/socket.io
15 verbose request no auth needed
16 info attempt registry request try #1 at 9:20:07 PM
17 verbose request id cf20cd1bc7a117be
18 verbose etag W/"a9cf3caf12aa97184fd5c2c188ac511d"
19 verbose lastModified Wed, 16 Jan 2019 19:39:29 GMT
20 http request GET https://registry.npmjs.org/socket.io
21 http 200 https://registry.npmjs.org/socket.io
22 verbose headers { date: 'Sat, 05 Dec 2020 05:20:07 GMT',
22 verbose headers   'content-type': 'application/json',
22 verbose headers   'transfer-encoding': 'chunked',
22 verbose headers   connection: 'keep-alive',
22 verbose headers   'set-cookie': [ '__cfduid=d4f7a6ce039fbeee84a9d5ded837869761607145607; expires=Mon, 04-Jan-21 05:20:07 GMT; path=/; domain=.npmjs.org; HttpOnly; SameSite=Lax' ],
22 verbose headers   'cf-ray': '5fcb50f0caf00589-LAX',
22 verbose headers   age: '5307',
22 verbose headers   'cache-control': 'public, max-age=300',
22 verbose headers   etag: 'W/"3e1ca8c826be0f2c177c402414fa4408"',
22 verbose headers   'last-modified': 'Thu, 19 Nov 2020 00:32:52 GMT',
22 verbose headers   vary: 'accept-encoding, accept',
22 verbose headers   'cf-cache-status': 'HIT',
22 verbose headers   'cf-request-id': '06d2f0ea7a00000589989e9000000001',
22 verbose headers   'expect-ct': 'max-age=604800, report-uri="https://report-uri.cloudflare.com/cdn-cgi/beacon/expect-ct"',
22 verbose headers   server: 'cloudflare',
22 verbose headers   'content-encoding': 'gzip' }
23 silly get cb [ 200,
23 silly get   { date: 'Sat, 05 Dec 2020 05:20:07 GMT',
23 silly get     'content-type': 'application/json',
23 silly get     'transfer-encoding': 'chunked',
23 silly get     connection: 'keep-alive',
23 silly get     'set-cookie': [ '__cfduid=d4f7a6ce039fbeee84a9d5ded837869761607145607; expires=Mon, 04-Jan-21 05:20:07 GMT; path=/; domain=.npmjs.org; HttpOnly; SameSite=Lax' ],
23 silly get     'cf-ray': '5fcb50f0caf00589-LAX',
23 silly get     age: '5307',
23 silly get     'cache-control': 'public, max-age=300',
23 silly get     etag: 'W/"3e1ca8c826be0f2c177c402414fa4408"',
23 silly get     'last-modified': 'Thu, 19 Nov 2020 00:32:52 GMT',
23 silly get     vary: 'accept-encoding, accept',
23 silly get     'cf-cache-status': 'HIT',
23 silly get     'cf-request-id': '06d2f0ea7a00000589989e9000000001',
23 silly get     'expect-ct': 'max-age=604800, report-uri="https://report-uri.cloudflare.com/cdn-cgi/beacon/expect-ct"',
23 silly get     server: 'cloudflare',
23 silly get     'content-encoding': 'gzip' } ]
24 verbose get saving socket.io to /Users/kevinshao/.npm/registry.npmjs.org/socket.io/.cache.json
25 verbose correctMkdir /Users/kevinshao/.npm correctMkdir not in flight; initializing
26 silly install normalizeTree
27 silly loadCurrentTree Finishing
28 silly loadIdealTree Starting
29 silly install loadIdealTree
30 silly cloneCurrentTree Starting
31 silly install cloneCurrentTreeToIdealTree
32 silly cloneCurrentTree Finishing
33 silly loadShrinkwrap Starting
34 silly install loadShrinkwrap
35 silly loadShrinkwrap Finishing
36 silly loadAllDepsIntoIdealTree Starting
37 silly install loadAllDepsIntoIdealTree
38 verbose stack Error: Missing required argument #1
38 verbose stack     at andLogAndFinish (/usr/local/lib/node_modules/npm/lib/fetch-package-metadata.js:31:3)
38 verbose stack     at fetchPackageMetadata (/usr/local/lib/node_modules/npm/lib/fetch-package-metadata.js:51:22)
38 verbose stack     at resolveWithNewModule (/usr/local/lib/node_modules/npm/lib/install/deps.js:515:12)
38 verbose stack     at /usr/local/lib/node_modules/npm/lib/install/deps.js:243:5
38 verbose stack     at /usr/local/lib/node_modules/npm/node_modules/slide/lib/async-map.js:52:35
38 verbose stack     at Array.forEach (native)
38 verbose stack     at /usr/local/lib/node_modules/npm/node_modules/slide/lib/async-map.js:52:11
38 verbose stack     at Array.forEach (native)
38 verbose stack     at asyncMap (/usr/local/lib/node_modules/npm/node_modules/slide/lib/async-map.js:51:8)
38 verbose stack     at exports.loadRequestedDeps (/usr/local/lib/node_modules/npm/lib/install/deps.js:241:3)
39 verbose cwd /Users/kevinshao/Desktop/Programming/Kriegspiel
40 error Darwin 20.1.0
41 error argv "/usr/local/bin/node" "/usr/local/bin/npm" "install" "socket.io" "--save"
42 error node v6.3.0
43 error npm  v3.10.3
44 error code EMISSINGARG
45 error typeerror Error: Missing required argument #1
45 error typeerror     at andLogAndFinish (/usr/local/lib/node_modules/npm/lib/fetch-package-metadata.js:31:3)
45 error typeerror     at fetchPackageMetadata (/usr/local/lib/node_modules/npm/lib/fetch-package-metadata.js:51:22)
45 error typeerror     at resolveWithNewModule (/usr/local/lib/node_modules/npm/lib/install/deps.js:515:12)
45 error typeerror     at /usr/local/lib/node_modules/npm/lib/install/deps.js:243:5
45 error typeerror     at /usr/local/lib/node_modules/npm/node_modules/slide/lib/async-map.js:52:35
45 error typeerror     at Array.forEach (native)
45 error typeerror     at /usr/local/lib/node_modules/npm/node_modules/slide/lib/async-map.js:52:11
45 error typeerror     at Array.forEach (native)
45 error typeerror     at asyncMap (/usr/local/lib/node_modules/npm/node_modules/slide/lib/async-map.js:51:8)
45 error typeerror     at exports.loadRequestedDeps (/usr/local/lib/node_modules/npm/lib/install/deps.js:241:3)
46 error typeerror This is an error with npm itself. Please report this error at:
46 error typeerror     <http://github.com/npm/npm/issues>
47 verbose exit [ 1, true ]
